{"ts":"2020-02-07T15:29:35.901","sev":"info","k":"backend-process-manager","v":"Started up.","pid":5278}
{"ts":"2020-02-07T15:29:35.908","sev":"info","k":"backend-process-manager","v":"Received configuration from App","pid":5278}
{"ts":"2020-02-07T15:29:35.909","sev":"info","k":"backend-process-manager","v":"Using locale en_US for text in BackendProcessManager","pid":5278}
{"ts":"2020-02-07T15:29:35.915","sev":"info","k":"backend-manager","v":"Creating an HTTP server to talk to backend","pid":5278}
{"ts":"2020-02-07T15:29:35.920","sev":"info","k":"backend-manager","v":"Http server listening on port 56555","pid":5278}
{"ts":"2020-02-07T15:29:35.920","sev":"info","k":"backend-manager","v":"Creating temp directory at /tmp/prep-527861tkrFr6BgVt","pid":5278}
{"ts":"2020-02-07T15:29:35.921","sev":"info","k":"app-utils","v":"build version: 19.42.19.1205.1336","pid":5278}
{"ts":"2020-02-07T15:29:35.921","sev":"debug","k":"backend-manager","v":{"backendStartupConfig":{"featureFlags":{"accessConnector":true,"addCredentials":false,"adpCustomDataRole":true,"adpFuzzyMatchSuggestion":true,"adpPivotSuggestion":true,"adpToolbarSuggestions":true,"alibabaConnectors":true,"alibabaMaxComputeConnector":false,"analyticsSupport":false,"annotationSelectionRevamp":true,"athenaConnector":true,"autosave":false,"azureSqlDWConnector":true,"boxConnector":true,"britishEnglish":true,"superTransformNodes":false,"cloudfileConnectors":true,"compatibilityMenuEntry":false,"connectionDialogOAuth":false,"customRoles":false,"databaseVariablesAndParameters":true,"databricksConnector":true,"datasourceInputNode":true,"extensibilityNode":true,"fieldFilteringGridToDataGridConversion":false,"fieldListView":true,"fieldListViewImprovements":true,"flowCompatibilitySP1":true,"flowCompatibilitySP2":true,"flowCompatibilitySP3":false,"flowlets":true,"flowPermissions":false,"flowPreCheck":true,"flowTags":true,"flowThumbnails":true,"futureFeature":false,"fuzzyClusteringFastMatch":true,"fuzzyClusteringSlider":true,"fuzzyMatchCDR":true,"getFullDomainFilter":false,"googleBigQueryConnector":true,"groupFlowNodes":false,"handleBadlyEncodedUIData":false,"highlightConnections":false,"improvedFeedback":true,"inAppFeedback":false,"incrementalRefresh":false,"initialSqlFlowNameParameter":false,"initialSqlTableauAppParameter":false,"initialSqlTableauVersionParameter":false,"inputNullFilter":false,"inputSATUnion":true,"insertFlowNodes":true,"italian":true,"kyvosConnector":true,"lodCalcs":false,"mariaDBConnector":true,"metadataMode":false,"multiRowCalcs":false,"noCacheAnalyzer":false,"oauthServiceEnabled":true,"otherJDBCConnector":true,"otherODBCConnector":true,"outputToDatabase":false,"pdfConnector":true,"pivotOnMultiSelect":true,"primaryKeyValidation":false,"profilePaneCardMotionAnimation":false,"profilePaneKeyboardNavigation":false,"pythonSupport":true,"quboleConnector":true,"recipeNoChangesApplied":false,"refreshDatasource":false,"richConditionFilter":false,"richDiscreteValueFilter":true,"richDiscreteValueFilterAnalyzerV2":true,"sapHanaConnector":true,"searchAcrossFlow":false,"sharedContextMenus":false,"simpleResultsAnalyzer":false,"traditionalChinese":true},"appSettings":{"textLocale":"en_US","recommendationsDisabled":false,"barChartMotionAnimationEnabled":true,"datasourcesFolderPath":"/Users/alexbenedict/Desktop/Wine Data/Datasources"}}},"pid":5278}
{"ts":"2020-02-07T15:29:35.922","sev":"info","k":"backend-manager","v":{"restApiArgs":["-Djna.nosys=true","-Dmaestro.bootstrap_servlet=true","-Djava.library.path=/usr/bin:/bin:/usr/sbin:/sbin","-Djava.io.tmpdir=/tmp/prep-527861tkrFr6BgVt","-Dloom.repositorypath=%2FUsers%2Falexbenedict%2FDesktop%2FWine%20Data","-Dloom.repository.logsPath=%2FUsers%2Falexbenedict%2FDesktop%2FWine%20Data%2FLogs","-Dloom.repository.language=en_US","-Djava.net.useSystemProxies=true","-jar","/Applications/Tableau Prep Builder 2019.4.app/Contents/Resources/app/loom-rest-api-1.0-SNAPSHOT.jar","--maestro.desktop.app.port=56555","--maestro.desktop.app.version.build=19.42.19.1205.1336","--maestro.desktop.app.version.external=2019.4.2","--server.ssl.key-store=/Applications/Tableau Prep Builder 2019.4.app/Contents/Resources/app/loom.jks","--maestro.access_token=79e5b023f80b46c05e63896972c666086b2e479f0f38b3497bf9ce84d803f9e539bc0bad901cf2d1495ed22f225ee9d5","--spring.config.location=file:%2FApplications%2FTableau%20Prep%20Builder%202019.4.app%2FContents%2FResources%2Fapp%2Fapplication.properties","--maestro.telemetry.config.location=/Users/alexbenedict/Library/Application Support/Tableau Prep Builder/telemetryConfig.properties","--maestro.default_settings.location=%2Fvar%2Ffolders%2Fwl%2Fkr4xx9k95zx82pwqycbqtt680000gn%2FT%2Ftmp-52785PgztGdFJJoF","--maestro.desktop.app.pid=5278"]},"pid":5278}
{"ts":"2020-02-07T15:29:35.922","sev":"info","k":"backend-manager","v":"Using Tableau binaries from /Applications/Tableau Prep Builder 2019.4.app/Contents/Resources/app/tableau-1.3/build/Release","pid":5278}
{"ts":"2020-02-07T15:29:35.922","sev":"info","k":"backend-manager","v":{"restApiEnv":{"ELECTRON_RUN_AS_NODE":"1","USER":"alexbenedict","PATH":"/Applications/Tableau Prep Builder 2019.4.app/Contents/Resources/app/tableau-1.3/build/Release:/usr/bin:/bin:/usr/sbin:/sbin","LOGNAME":"alexbenedict","SSH_AUTH_SOCK":"/private/tmp/com.apple.launchd.46ieFxetN1/Listeners","HOME":"/Users/alexbenedict","SHELL":"/bin/bash","__CF_USER_TEXT_ENCODING":"0x1F5:0x0:0x0","TMPDIR":"/var/folders/wl/kr4xx9k95zx82pwqycbqtt680000gn/T/","XPC_SERVICE_NAME":"com.tableausoftware.tableauprep.16328","XPC_FLAGS":"0x0","AQLAPI":"/Applications/Tableau Prep Builder 2019.4.app/Contents/Resources/app/tableau-1.3/build/Release","HYPER":"/Applications/Tableau Prep Builder 2019.4.app/Contents/Resources/app/tableau-1.3/build/Release/hyper","PREP_SERVICE":"/Applications/Tableau Prep Builder 2019.4.app/Contents/Resources/app/tableau-1.3/build/Release","TDE_SERVER":"/Applications/Tableau Prep Builder 2019.4.app/Contents/Resources/app/tableau-1.3/build/Release/tde","LOOM_HYPER_PATH_OVERRIDE":"/Applications/Tableau Prep Builder 2019.4.app/Contents/Resources/app/hyper"}},"pid":5278}
{"ts":"2020-02-07T15:29:35.922","sev":"info","k":"backend-manager","v":"Java path: /Applications/Tableau Prep Builder 2019.4.app/Contents/Plugins/jre/bin/java","pid":5278}
{"ts":"2020-02-07T15:29:35.930","sev":"info","k":"backend-manager","v":"spawned restApi with PID: 5279","pid":5278}
{"ts":"2020-02-07T15:29:39.398","sev":"info","k":"rest-api-stdout","v":"Feb 07, 2020 3:29:39 PM org.apache.catalina.core.StandardService startInternal","pid":5278}
{"ts":"2020-02-07T15:29:39.399","sev":"info","k":"rest-api-stdout","v":"\nINFO: Starting service [Tomcat]\nFeb 07, 2020 3:29:39 PM org.apache.catalina.core.StandardEngine startInternal","pid":5278}
{"ts":"2020-02-07T15:29:39.538","sev":"info","k":"rest-api-stdout","v":"\nINFO: Starting Servlet Engine: Apache Tomcat/8.5.37\nFeb 07, 2020 3:29:39 PM org.apache.catalina.core.ApplicationContext log","pid":5278}
{"ts":"2020-02-07T15:29:46.570","sev":"info","k":"backend-manager","v":"New connection","pid":5278}
{"ts":"2020-02-07T15:29:46.573","sev":"info","k":"backend-manager","v":"Received HTTP request from backend","pid":5278}
{"ts":"2020-02-07T15:29:46.574","sev":"info","k":"backend-manager","v":"Got POST /backendConfig request","pid":5278}
{"ts":"2020-02-07T15:29:46.575","sev":"info","k":"backend-manager","v":"Got {\"port\":56587}","pid":5278}
{"ts":"2020-02-07T15:29:46.575","sev":"info","k":"backend-manager","v":"Successfully started backend","pid":5278}
{"ts":"2020-02-07T15:29:46.580","sev":"info","k":"backend-manager","v":"Destroying a client connection","pid":5278}
{"ts":"2020-02-07T15:29:46.581","sev":"info","k":"backend-manager","v":"Closing HTTP server","pid":5278}
{"ts":"2020-02-07T15:31:03.732","sev":"info","k":"backend-process-manager","v":"Received disconnect event. Shutting down.","pid":5278}
{"ts":"2020-02-07T15:31:03.732","sev":"info","k":"backend-process-manager","v":"waiting for backendManager.stop() to finish","pid":5278}
{"ts":"2020-02-07T15:31:03.734","sev":"info","k":"backend-manager","v":"Sending shutdown request to java server","pid":5278}
{"ts":"2020-02-07T15:31:06.005","sev":"info","k":"backend-manager","v":"Rest API process shutdown request received error, as expected: Error: socket hang up","pid":5278}
{"ts":"2020-02-07T15:31:06.108","sev":"info","k":"backend-manager","v":"Backend process exited with code 0, ignoring","pid":5278}
{"ts":"2020-02-07T15:31:06.120","sev":"info","k":"backend-manager","v":"Rest API process successfully shut itself down","pid":5278}
{"ts":"2020-02-07T15:31:06.121","sev":"info","k":"backend-manager","v":"Shutdown process took 2s","pid":5278}
{"ts":"2020-02-07T15:31:06.121","sev":"info","k":"backend-process-manager","v":"backendManager.stop() has finished","pid":5278}
{"ts":"2020-02-07T15:31:06.123","sev":"info","k":"app-exit","v":"Exiting from process.exit","pid":5278}
